<?xml version="1.0" encoding="UTF-8"?>
<!-- Generated by org.testng.reporters.JUnitReportReporter -->
<testsuite hostname="Ishant" failures="0" tests="2" name="com.graphql.tests.DataDrivenExamples" time="3.149" errors="0" timestamp="2022-02-16T14:00:26 IST" skipped="0">
  <testcase classname="com.graphql.tests.DataDrivenExamples" name="post_req" time="3.075"/>
  <system-out/>
  <testcase classname="com.graphql.tests.DataDrivenExamples" name="post_req" time="0.074"/>
  <system-out/>
</testsuite> <!-- com.graphql.tests.DataDrivenExamples -->
