<?xml version="1.0" encoding="UTF-8"?>
<!-- Generated by org.testng.reporters.JUnitReportReporter -->
<testsuite hostname="Ishant" failures="0" tests="1" name="com.graphql.tests.Tests_Get" time="3.812" errors="0" timestamp="2022-02-15T22:54:51 IST" skipped="0">
  <testcase classname="com.graphql.tests.Tests_Get" name="Test_01" time="3.812"/>
  <system-out/>
</testsuite> <!-- com.graphql.tests.Tests_Get -->
