<?xml version="1.0" encoding="UTF-8"?>
<!-- Generated by org.testng.reporters.JUnitReportReporter -->
<testsuite hostname="Ishant" failures="0" tests="1" name="com.graphql.tests.Tests_Post" time="6.761" errors="0" timestamp="2022-02-15T23:23:05 IST" skipped="0">
  <testcase classname="com.graphql.tests.Tests_Post" name="test_011" time="6.761"/>
  <system-out/>
</testsuite> <!-- com.graphql.tests.Tests_Post -->
