<?xml version="1.0" encoding="UTF-8"?>
<!-- Generated by org.testng.reporters.JUnitReportReporter -->
<testsuite hostname="Ishant" failures="0" tests="1" name="com.graphql.tests.GraphQLquery" time="5.425" errors="0" timestamp="2022-02-15T18:21:51 IST" skipped="0">
  <testcase classname="com.graphql.tests.GraphQLquery" name="getAllfilmTest" time="5.425"/>
  <system-out/>
</testsuite> <!-- com.graphql.tests.GraphQLquery -->
